<?xml version="1.0" encoding="UTF-8"?>
<!-- Generated by org.testng.reporters.JUnitXMLReporter -->
<testsuite ignored="6" hostname="DESKTOP-RDK9582" failures="0" tests="4" name="Test" time="38.945" errors="0" timestamp="2025-07-17T11:04:40 IST">
  <testcase classname="MyStore.com.Mystore.TestCases.TC_SignInPage" name="VeryFySignInPage" time="7.212"/>
  <testcase classname="MyStore.com.Mystore.TestCases.TC_Alreadyregistere" name="verifyRegistration" time="6.612"/>
  <testcase classname="MyStore.com.Mystore.TestCases.TC_Accountcreation" name="AccountCreationVerification" time="9.718"/>
  <testcase classname="MyStore.com.Mystore.TestCases.TC_CheckingProduct" name="CheckingOrderSummary" time="8.514"/>
  <testcase classname="MyStore.com.Mystore.BaseTest" name="@AfterSuite tearDown" time="0.0">
    <ignored/>
  </testcase> <!-- @AfterSuite tearDown -->
  <testcase classname="MyStore.com.Mystore.BaseTest" name="@AfterSuite tearDown" time="0.0">
    <ignored/>
  </testcase> <!-- @AfterSuite tearDown -->
  <testcase classname="MyStore.com.Mystore.BaseTest" name="@AfterSuite tearDown" time="0.0">
    <ignored/>
  </testcase> <!-- @AfterSuite tearDown -->
  <testcase classname="MyStore.com.Mystore.BaseTest" name="@BeforeSuite setUpReport" time="0.0">
    <ignored/>
  </testcase> <!-- @BeforeSuite setUpReport -->
  <testcase classname="MyStore.com.Mystore.BaseTest" name="@BeforeSuite setUpReport" time="0.0">
    <ignored/>
  </testcase> <!-- @BeforeSuite setUpReport -->
  <testcase classname="MyStore.com.Mystore.BaseTest" name="@BeforeSuite setUpReport" time="0.0">
    <ignored/>
  </testcase> <!-- @BeforeSuite setUpReport -->
</testsuite> <!-- Test -->
