<?xml version="1.0" encoding="UTF-8"?>
<testng-results ignored="0" total="4" passed="4" failed="0" skipped="0">
  <reporter-output>
  </reporter-output>
  <suite started-at="2025-07-17T14:07:00 IST" name="Suite" finished-at="2025-07-17T14:07:57 IST" duration-ms="56780">
    <groups>
    </groups>
    <test started-at="2025-07-17T14:07:00 IST" name="Test" finished-at="2025-07-17T14:07:57 IST" duration-ms="56780">
      <class name="MyStore.com.Mystore.TestCases.TC_CheckingProduct">
        <test-method is-config="true" signature="setup()[pri:0, instance:MyStore.com.Mystore.TestCases.TC_CheckingProduct@7813cb11]" started-at="2025-07-17T14:07:39 IST" name="setup" finished-at="2025-07-17T14:07:41 IST" duration-ms="1067" status="PASS">
          <reporter-output>
          </reporter-output>
        </test-method> <!-- setup -->
        <test-method signature="CheckingOrderSummary()[pri:0, instance:MyStore.com.Mystore.TestCases.TC_CheckingProduct@7813cb11]" started-at="2025-07-17T14:07:41 IST" name="CheckingOrderSummary" finished-at="2025-07-17T14:07:57 IST" duration-ms="16603" status="PASS">
          <reporter-output>
          </reporter-output>
        </test-method> <!-- CheckingOrderSummary -->
      </class> <!-- MyStore.com.Mystore.TestCases.TC_CheckingProduct -->
      <class name="MyStore.com.Mystore.TestCases.TC_Alreadyregistere">
        <test-method is-config="true" signature="setup()[pri:0, instance:MyStore.com.Mystore.TestCases.TC_Alreadyregistere@3a320ade]" started-at="2025-07-17T14:07:17 IST" name="setup" finished-at="2025-07-17T14:07:19 IST" duration-ms="1253" status="PASS">
          <reporter-output>
          </reporter-output>
        </test-method> <!-- setup -->
        <test-method signature="verifyRegistration()[pri:0, instance:MyStore.com.Mystore.TestCases.TC_Alreadyregistere@3a320ade]" started-at="2025-07-17T14:07:19 IST" name="verifyRegistration" finished-at="2025-07-17T14:07:27 IST" duration-ms="8635" status="PASS">
          <reporter-output>
          </reporter-output>
        </test-method> <!-- verifyRegistration -->
      </class> <!-- MyStore.com.Mystore.TestCases.TC_Alreadyregistere -->
      <class name="MyStore.com.Mystore.TestCases.TC_Accountcreation">
        <test-method is-config="true" signature="setup()[pri:0, instance:MyStore.com.Mystore.TestCases.TC_Accountcreation@64beebb7]" started-at="2025-07-17T14:07:27 IST" name="setup" finished-at="2025-07-17T14:07:28 IST" duration-ms="1250" status="PASS">
          <reporter-output>
          </reporter-output>
        </test-method> <!-- setup -->
        <test-method signature="AccountCreationVerification()[pri:0, instance:MyStore.com.Mystore.TestCases.TC_Accountcreation@64beebb7]" started-at="2025-07-17T14:07:28 IST" name="AccountCreationVerification" finished-at="2025-07-17T14:07:39 IST" duration-ms="10982" status="PASS">
          <reporter-output>
          </reporter-output>
        </test-method> <!-- AccountCreationVerification -->
      </class> <!-- MyStore.com.Mystore.TestCases.TC_Accountcreation -->
      <class name="MyStore.com.Mystore.TestCases.TC_SignInPage">
        <test-method is-config="true" signature="setUpReport()[pri:0, instance:MyStore.com.Mystore.TestCases.TC_SignInPage@45be7cd5]" started-at="2025-07-17T14:07:00 IST" name="setUpReport" finished-at="2025-07-17T14:07:00 IST" duration-ms="393" status="PASS">
          <reporter-output>
          </reporter-output>
        </test-method> <!-- setUpReport -->
        <test-method is-config="true" signature="setup()[pri:0, instance:MyStore.com.Mystore.TestCases.TC_SignInPage@45be7cd5]" started-at="2025-07-17T14:07:00 IST" name="setup" finished-at="2025-07-17T14:07:05 IST" duration-ms="4679" status="PASS">
          <reporter-output>
          </reporter-output>
        </test-method> <!-- setup -->
        <test-method signature="VeryFySignInPage()[pri:0, instance:MyStore.com.Mystore.TestCases.TC_SignInPage@45be7cd5]" started-at="2025-07-17T14:07:05 IST" name="VeryFySignInPage" finished-at="2025-07-17T14:07:17 IST" duration-ms="12252" status="PASS">
          <reporter-output>
          </reporter-output>
        </test-method> <!-- VeryFySignInPage -->
        <test-method is-config="true" signature="tearDown()[pri:0, instance:MyStore.com.Mystore.TestCases.TC_SignInPage@45be7cd5]" started-at="2025-07-17T14:07:57 IST" name="tearDown" finished-at="2025-07-17T14:08:01 IST" duration-ms="3444" status="PASS">
          <reporter-output>
          </reporter-output>
        </test-method> <!-- tearDown -->
      </class> <!-- MyStore.com.Mystore.TestCases.TC_SignInPage -->
    </test> <!-- Test -->
  </suite> <!-- Suite -->
</testng-results>
