<?xml version="1.0" encoding="UTF-8"?>
<testng-results ignored="6" total="10" passed="4" failed="0" skipped="0">
  <reporter-output>
  </reporter-output>
  <suite started-at="2025-07-17T11:04:01 IST" name="Suite" finished-at="2025-07-17T11:04:40 IST" duration-ms="38945">
    <groups>
    </groups>
    <test started-at="2025-07-17T11:04:01 IST" name="Test" finished-at="2025-07-17T11:04:40 IST" duration-ms="38945">
      <class name="MyStore.com.Mystore.TestCases.TC_CheckingProduct">
        <test-method is-config="true" signature="setup()[pri:0, instance:MyStore.com.Mystore.TestCases.TC_CheckingProduct@5bda80bf]" started-at="2025-07-17T11:04:31 IST" name="setup" finished-at="2025-07-17T11:04:32 IST" duration-ms="1072" status="PASS">
          <reporter-output>
          </reporter-output>
        </test-method> <!-- setup -->
        <test-method signature="CheckingOrderSummary()[pri:0, instance:MyStore.com.Mystore.TestCases.TC_CheckingProduct@5bda80bf]" started-at="2025-07-17T11:04:32 IST" name="CheckingOrderSummary" finished-at="2025-07-17T11:04:40 IST" duration-ms="8514" status="PASS">
          <reporter-output>
          </reporter-output>
        </test-method> <!-- CheckingOrderSummary -->
      </class> <!-- MyStore.com.Mystore.TestCases.TC_CheckingProduct -->
      <class name="MyStore.com.Mystore.TestCases.TC_Alreadyregistere">
        <test-method is-config="true" signature="setup()[pri:0, instance:MyStore.com.Mystore.TestCases.TC_Alreadyregistere@1c98290c]" started-at="2025-07-17T11:04:12 IST" name="setup" finished-at="2025-07-17T11:04:13 IST" duration-ms="1495" status="PASS">
          <reporter-output>
          </reporter-output>
        </test-method> <!-- setup -->
        <test-method signature="verifyRegistration()[pri:0, instance:MyStore.com.Mystore.TestCases.TC_Alreadyregistere@1c98290c]" started-at="2025-07-17T11:04:13 IST" name="verifyRegistration" finished-at="2025-07-17T11:04:20 IST" duration-ms="6612" status="PASS">
          <reporter-output>
          </reporter-output>
        </test-method> <!-- verifyRegistration -->
      </class> <!-- MyStore.com.Mystore.TestCases.TC_Alreadyregistere -->
      <class name="MyStore.com.Mystore.TestCases.TC_Accountcreation">
        <test-method is-config="true" signature="setup()[pri:0, instance:MyStore.com.Mystore.TestCases.TC_Accountcreation@172ca72b]" started-at="2025-07-17T11:04:20 IST" name="setup" finished-at="2025-07-17T11:04:21 IST" duration-ms="1129" status="PASS">
          <reporter-output>
          </reporter-output>
        </test-method> <!-- setup -->
        <test-method signature="AccountCreationVerification()[pri:0, instance:MyStore.com.Mystore.TestCases.TC_Accountcreation@172ca72b]" started-at="2025-07-17T11:04:21 IST" name="AccountCreationVerification" finished-at="2025-07-17T11:04:31 IST" duration-ms="9718" status="PASS">
          <reporter-output>
          </reporter-output>
        </test-method> <!-- AccountCreationVerification -->
      </class> <!-- MyStore.com.Mystore.TestCases.TC_Accountcreation -->
      <class name="MyStore.com.Mystore.TestCases.TC_SignInPage">
        <test-method is-config="true" signature="setUpReport()[pri:0, instance:MyStore.com.Mystore.TestCases.TC_SignInPage@41fe9859]" started-at="2025-07-17T11:04:01 IST" name="setUpReport" finished-at="2025-07-17T11:04:01 IST" duration-ms="358" status="PASS">
          <reporter-output>
          </reporter-output>
        </test-method> <!-- setUpReport -->
        <test-method is-config="true" signature="setup()[pri:0, instance:MyStore.com.Mystore.TestCases.TC_SignInPage@41fe9859]" started-at="2025-07-17T11:04:02 IST" name="setup" finished-at="2025-07-17T11:04:05 IST" duration-ms="3135" status="PASS">
          <reporter-output>
          </reporter-output>
        </test-method> <!-- setup -->
        <test-method signature="VeryFySignInPage()[pri:0, instance:MyStore.com.Mystore.TestCases.TC_SignInPage@41fe9859]" started-at="2025-07-17T11:04:05 IST" name="VeryFySignInPage" finished-at="2025-07-17T11:04:12 IST" duration-ms="7212" status="PASS">
          <reporter-output>
          </reporter-output>
        </test-method> <!-- VeryFySignInPage -->
        <test-method is-config="true" signature="tearDown()[pri:0, instance:MyStore.com.Mystore.TestCases.TC_SignInPage@41fe9859]" started-at="2025-07-17T11:04:40 IST" name="tearDown" finished-at="2025-07-17T11:04:44 IST" duration-ms="3527" status="PASS">
          <reporter-output>
          </reporter-output>
        </test-method> <!-- tearDown -->
      </class> <!-- MyStore.com.Mystore.TestCases.TC_SignInPage -->
    </test> <!-- Test -->
  </suite> <!-- Suite -->
</testng-results>
